d:\ran\ran online\[lib]__zlib\bin\obj\deflate.obj
d:\ran\ran online\[lib]__zlib\bin\obj\mztools.obj
d:\ran\ran online\[lib]__zlib\bin\obj\gzio.obj
d:\ran\ran online\[lib]__zlib\bin\obj\uncompr.obj
d:\ran\ran online\[lib]__zlib\bin\obj\zutil.obj
d:\ran\ran online\[lib]__zlib\bin\obj\inflate.obj
d:\ran\ran online\[lib]__zlib\bin\obj\unzip.obj
d:\ran\ran online\[lib]__zlib\bin\obj\adler32.obj
d:\ran\ran online\[lib]__zlib\bin\obj\iowin32.obj
d:\ran\ran online\[lib]__zlib\bin\obj\crc32.obj
d:\ran\ran online\[lib]__zlib\bin\obj\trees.obj
d:\ran\ran online\[lib]__zlib\bin\obj\infback.obj
d:\ran\ran online\[lib]__zlib\bin\obj\zip.obj
d:\ran\ran online\[lib]__zlib\bin\obj\inffast.obj
d:\ran\ran online\[lib]__zlib\bin\obj\inftrees.obj
d:\ran\ran online\[lib]__zlib\bin\obj\compress.obj
d:\ran\ran online\[lib]__zlib\bin\obj\ioapi.obj
d:\ran\ran online\[lib]__zlib\bin\zlibd.pdb
d:\ran\ran online\[lib]__zlib\bin\zlibd.lib
d:\ran\ran online\[lib]__zlib/bin/zlibd.pdb
d:\ran\ran online\[lib]__zlib/bin/obj/[lib]__zlib.vcxproj.filelistabsolute.txt
d:\ran\ran online\[lib]__zlib\bin\obj\[lib]__zlib.tlog\cl.14972.write.1.tlog
d:\ran\ran online\[lib]__zlib\bin\obj\[lib]__zlib.tlog\cl.command.1.tlog
d:\ran\ran online\[lib]__zlib\bin\obj\[lib]__zlib.tlog\cl.items.tlog
d:\ran\ran online\[lib]__zlib\bin\obj\[lib]__zlib.tlog\cl.read.1.tlog
d:\ran\ran online\[lib]__zlib\bin\obj\[lib]__zlib.tlog\lib-link.read.1.tlog
d:\ran\ran online\[lib]__zlib\bin\obj\[lib]__zlib.tlog\lib-link.write.1.tlog
d:\ran\ran online\[lib]__zlib\bin\obj\[lib]__zlib.tlog\lib.command.1.tlog
